[debug] [2024-05-06T02:02:09.752Z] ----------------------------------------------------------------------
[debug] [2024-05-06T02:02:09.758Z] Command:       C:\Program Files\nodejs\node.exe C:\Users\TheAngiS\AppData\Roaming\npm\node_modules\firebase-tools\lib\bin\firebase.js init
[debug] [2024-05-06T02:02:09.759Z] CLI Version:   13.8.0
[debug] [2024-05-06T02:02:09.760Z] Platform:      win32
[debug] [2024-05-06T02:02:09.760Z] Node Version:  v18.12.1
[debug] [2024-05-06T02:02:09.763Z] Time:          Sun May 05 2024 21:02:09 GMT-0500 (hora de verano central)
[debug] [2024-05-06T02:02:09.763Z] ----------------------------------------------------------------------
[debug] 
[debug] [2024-05-06T02:02:09.785Z] > command requires scopes: ["email","openid","https://www.googleapis.com/auth/cloudplatformprojects.readonly","https://www.googleapis.com/auth/firebase","https://www.googleapis.com/auth/cloud-platform"]
[debug] [2024-05-06T02:02:09.787Z] > authorizing via signed-in user (angishopps@gmail.com)
[info] 
     ######## #### ########  ######## ########     ###     ######  ########
     ##        ##  ##     ## ##       ##     ##  ##   ##  ##       ##
     ######    ##  ########  ######   ########  #########  ######  ######
     ##        ##  ##    ##  ##       ##     ## ##     ##       ## ##
     ##       #### ##     ## ######## ########  ##     ##  ######  ########

You're about to initialize a Firebase project in this directory:

  C:\Users\TheAngiS\Documents\git\react\firebase1

[info] 
=== Project Setup
[info] 
[info] First, let's associate this project directory with a Firebase project.
[info] You can create multiple project aliases by running firebase use --add, 
[info] but for now we'll just set up a default project.
[info] 
[debug] [2024-05-06T02:03:11.611Z] >>> [apiv2][query] GET https://firebase.googleapis.com/v1beta1/projects pageSize=100
[debug] [2024-05-06T02:03:12.161Z] <<< [apiv2][status] GET https://firebase.googleapis.com/v1beta1/projects 200
[debug] [2024-05-06T02:03:12.162Z] <<< [apiv2][body] GET https://firebase.googleapis.com/v1beta1/projects [omitted]
[info] i  Using project react-course-d5d0b (react-course) 
[info] 
=== Hosting Setup
[debug] [2024-05-06T02:03:56.494Z] >>> [apiv2][query] GET https://firebase.googleapis.com/v1beta1/projects/react-course-d5d0b [none]
[debug] [2024-05-06T02:03:56.761Z] <<< [apiv2][status] GET https://firebase.googleapis.com/v1beta1/projects/react-course-d5d0b 200
[debug] [2024-05-06T02:03:56.762Z] <<< [apiv2][body] GET https://firebase.googleapis.com/v1beta1/projects/react-course-d5d0b {"projectId":"react-course-d5d0b","projectNumber":"629347584592","displayName":"react-course","name":"projects/react-course-d5d0b","resources":{"hostingSite":"react-course-d5d0b"},"state":"ACTIVE","etag":"1_75a326a6-03ba-4196-9985-b30cc4f78394"}
[info] 
[info] Your public directory is the folder (relative to your project directory) that
[info] will contain Hosting assets to be uploaded with firebase deploy. If you
[info] have a build process for your assets, use your build's output directory.
[info] 
[info] +  Wrote public/404.html 
[debug] [2024-05-06T02:05:14.471Z] >>> [apiv2][query] GET https://www.gstatic.com/firebasejs/releases.json [none]
[debug] [2024-05-06T02:05:14.607Z] <<< [apiv2][status] GET https://www.gstatic.com/firebasejs/releases.json 200
[debug] [2024-05-06T02:05:14.607Z] <<< [apiv2][body] GET https://www.gstatic.com/firebasejs/releases.json {"current":{"version":"10.11.1","browserURL":"https://www.gstatic.com/firebasejs/10.11.1/firebase.js","packageURL":"https://www.gstatic.com/firebasejs/10.11.1/firebase.tgz"},"live":{"version":"10.11","browserURL":"https://www.gstatic.com/firebasejs/live/10.11/firebase.js","packageURL":"https://www.gstatic.com/firebasejs/live/10.11/firebase.tgz"},"components":{"analytics":"https://www.gstatic.com/firebasejs/10.11.1/firebase-analytics.js","app":"https://www.gstatic.com/firebasejs/10.11.1/firebase-app.js","app-check":"https://www.gstatic.com/firebasejs/10.11.1/firebase-app-check.js","auth":"https://www.gstatic.com/firebasejs/10.11.1/firebase-auth.js","auth/cordova":"https://www.gstatic.com/firebasejs/10.11.1/firebase-auth/cordova.js","auth/web-extension":"https://www.gstatic.com/firebasejs/10.11.1/firebase-auth/web-extension.js","functions":"https://www.gstatic.com/firebasejs/10.11.1/firebase-functions.js","firestore":"https://www.gstatic.com/firebasejs/10.11.1/firebase-firestore.js","firestore/lite":"https://www.gstatic.com/firebasejs/10.11.1/firebase-firestore/lite.js","installations":"https://www.gstatic.com/firebasejs/10.11.1/firebase-installations.js","storage":"https://www.gstatic.com/firebasejs/10.11.1/firebase-storage.js","performance":"https://www.gstatic.com/firebasejs/10.11.1/firebase-performance.js","remote-config":"https://www.gstatic.com/firebasejs/10.11.1/firebase-remote-config.js","messaging":"https://www.gstatic.com/firebasejs/10.11.1/firebase-messaging.js","messaging/sw":"https://www.gstatic.com/firebasejs/10.11.1/firebase-messaging/sw.js","database":"https://www.gstatic.com/firebasejs/10.11.1/firebase-database.js","firestore.memory":"https://www.gstatic.com/firebasejs/10.11.1/firebase-firestore.memory.js"}}
[info] i  Skipping write of public/index.html 
[info] 
[info] i  Detected a .git folder at C:\Users\TheAngiS\Documents\git\react\firebase1 
[info] i  Authorizing with GitHub to upload your service account to a GitHub repository's secrets store. 
[info] 
[info] Visit this URL on this device to log in:
[info] https://github.com/login/oauth/authorize?client_id=89cf50f02ac6aaed3484&state=649694389&redirect_uri=http%3A%2F%2Flocalhost%3A9005&scope=read%3Auser%20repo%20public_repo
[info] 
[info] Waiting for authentication...
[debug] [2024-05-06T02:05:57.980Z] >>> [apiv2][query] POST https://github.com/login/oauth/access_token [none]
[debug] [2024-05-06T02:05:57.980Z] >>> [apiv2][body] POST https://github.com/login/oauth/access_token [stream]
[debug] [2024-05-06T02:05:58.337Z] <<< [apiv2][status] POST https://github.com/login/oauth/access_token 200
[debug] [2024-05-06T02:05:58.338Z] <<< [apiv2][body] POST https://github.com/login/oauth/access_token {"access_token":"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","token_type":"bearer","scope":"read:user,repo"}
[debug] [2024-05-06T02:05:58.346Z] >>> [apiv2][query] GET https://api.github.com/user [none]
[debug] [2024-05-06T02:05:58.754Z] <<< [apiv2][status] GET https://api.github.com/user 200
[debug] [2024-05-06T02:05:58.754Z] <<< [apiv2][body] GET https://api.github.com/user {"login":"elangii","id":160828390,"node_id":"U_kgDOCZYL5g","avatar_url":"https://avatars.githubusercontent.com/u/160828390?v=4","gravatar_id":"","url":"https://api.github.com/users/elangii","html_url":"https://github.com/elangii","followers_url":"https://api.github.com/users/elangii/followers","following_url":"https://api.github.com/users/elangii/following{/other_user}","gists_url":"https://api.github.com/users/elangii/gists{/gist_id}","starred_url":"https://api.github.com/users/elangii/starred{/owner}{/repo}","subscriptions_url":"https://api.github.com/users/elangii/subscriptions","organizations_url":"https://api.github.com/users/elangii/orgs","repos_url":"https://api.github.com/users/elangii/repos","events_url":"https://api.github.com/users/elangii/events{/privacy}","received_events_url":"https://api.github.com/users/elangii/received_events","type":"User","site_admin":false,"name":null,"company":null,"blog":"","location":null,"email":null,"hireable":null,"bio":null,"twitter_username":null,"public_repos":2,"public_gists":0,"followers":0,"following":0,"created_at":"2024-02-22T06:56:52Z","updated_at":"2024-04-22T07:31:12Z","private_gists":0,"total_private_repos":4,"owned_private_repos":4,"disk_usage":2717,"collaborators":0,"two_factor_authentication":false,"plan":{"name":"free","space":976562499,"collaborators":0,"private_repos":10000}}
[info] 
[info] +  Success! Logged into GitHub as elangii 
[info] 
